<?xml version="1.0" encoding="UTF-8"?>
<!-- Generated by org.testng.reporters.JUnitReportReporter -->
<testsuite skipped="0" hostname="user-PC" name="com.app.NaukriMultipleWindows" tests="1" failures="0" timestamp="23 Nov 2019 10:36:31 GMT" time="16.862" errors="0">
  <testcase name="votorTest" time="16.862" classname="com.app.NaukriMultipleWindows"/>
</testsuite> <!-- com.app.NaukriMultipleWindows -->
