<?xml version="1.0" encoding="UTF-8"?>
<!-- Generated by org.testng.reporters.JUnitReportReporter -->
<testsuite skipped="0" hostname="user-PC" name="com.app.PractFive" tests="1" failures="0" timestamp="30 Nov 2019 06:03:34 GMT" time="15.401" errors="0">
  <testcase name="Citi" time="15.401" classname="com.app.PractFive"/>
</testsuite> <!-- com.app.PractFive -->
