<?xml version="1.0" encoding="UTF-8"?>
<!-- Generated by org.testng.reporters.JUnitReportReporter -->
<testsuite skipped="0" hostname="user-PC" name="com.app.Votor" tests="1" failures="0" timestamp="23 Nov 2019 09:48:44 GMT" time="19.779" errors="0">
  <testcase name="votorTest" time="19.779" classname="com.app.Votor"/>
</testsuite> <!-- com.app.Votor -->
