<?xml version="1.0" encoding="UTF-8"?>
<!-- Generated by org.testng.reporters.JUnitReportReporter -->
<testsuite skipped="0" hostname="user-PC" name="com.app.TestLogin" tests="1" failures="0" timestamp="25 Nov 2019 10:52:35 GMT" time="43.760" errors="0">
  <testcase name="login" time="43.760" classname="com.app.TestLogin"/>
</testsuite> <!-- com.app.TestLogin -->
